#
# There is insufficient memory for the Java Runtime Environment to continue.
# Native memory allocation (mmap) failed to map 67108864 bytes for Failed to commit area from 0x00000000c1a00000 to 0x00000000c5a00000 of length 67108864.
# Possible reasons:
#   The system is out of physical RAM or swap space
#   The process is running with CompressedOops enabled, and the Java Heap may be blocking the growth of the native heap
# Possible solutions:
#   Reduce memory load on the system
#   Increase physical memory or swap space
#   Check if swap backing store is full
#   Decrease Java heap size (-Xmx/-Xms)
#   Decrease number of Java threads
#   Decrease Java thread stack sizes (-Xss)
#   Set larger code cache with -XX:ReservedCodeCacheSize=
# This output file may be truncated or incomplete.
#
#  Out of Memory Error (./open/src/hotspot/os/windows/os_windows.cpp:3287), pid=14424, tid=12080
#
# JRE version:  (11.0.15+8) (build )
# Java VM: Java HotSpot(TM) 64-Bit Server VM (11.0.15+8-LTS-149, mixed mode, sharing, tiered, compressed oops, g1 gc, windows-amd64)
# No core dump will be written. Minidumps are not enabled by default on client versions of Windows
#

---------------  S U M M A R Y ------------

Command Line: -Dfile.encoding=UTF-8 eshop.homedecor.shopapi.ShopApiApplication

Host: Intel(R) Core(TM) i5-7200U CPU @ 2.50GHz, 4 cores, 3G,  Windows 10 , 64 bit Build 19041 (10.0.19041.1741)
Time: Sat Jul  9 18:32:51 2022 India Standard Time elapsed time: 0.052500 seconds (0d 0h 0m 0s)

---------------  T H R E A D  ---------------

Current thread (0x0000012c46a0d800):  JavaThread "Unknown thread" [_thread_in_vm, id=12080, stack(0x00000012c9e00000,0x00000012c9f00000)]

Stack: [0x00000012c9e00000,0x00000012c9f00000]
Native frames: (J=compiled Java code, j=interpreted, Vv=VM code, C=native code)
V  [jvm.dll+0x629d8a]
V  [jvm.dll+0x7638ff]
V  [jvm.dll+0x764fa9]
V  [jvm.dll+0x765633]
V  [jvm.dll+0x23d9c8]
V  [jvm.dll+0x6270aa]
V  [jvm.dll+0x61be35]
V  [jvm.dll+0x2f27dc]
V  [jvm.dll+0x2f2662]
V  [jvm.dll+0x2f7386]
V  [jvm.dll+0x339d8f]
V  [jvm.dll+0x3397c0]
V  [jvm.dll+0x2cfdf8]
V  [jvm.dll+0x2d0f66]
V  [jvm.dll+0x73df07]
V  [jvm.dll+0x73f79f]
V  [jvm.dll+0x346ab9]
V  [jvm.dll+0x723810]
V  [jvm.dll+0x3b56cf]
V  [jvm.dll+0x3b77e1]
C  [jli.dll+0x5207]
C  [ucrtbase.dll+0x21bb2]
C  [KERNEL32.DLL+0x17034]
C  [ntdll.dll+0x52651]


---------------  P R O C E S S  ---------------

Threads class SMR info:
_java_thread_list=0x0000012c44871bf0, length=0, elements={
}

Java Threads: ( => current thread )

Other Threads:
  0x0000012c46a24000 GCTaskThread "GC Thread#0" [stack: 0x00000012c9f00000,0x00000012ca000000] [id=10208]
  0x0000012c46a3e000 ConcurrentGCThread "G1 Main Marker" [stack: 0x00000012ca000000,0x00000012ca100000] [id=3016]
  0x0000012c46a40000 ConcurrentGCThread "G1 Conc#0" [stack: 0x00000012ca100000,0x00000012ca200000] [id=17112]

[error occurred during error reporting (printing all threads), id 0xc0000005, EXCEPTION_ACCESS_VIOLATION (0xc0000005) at pc=0x00007ff80a21f087]

VM state:not at safepoint (not fully initialized)

VM Mutex/Monitor currently owned by a thread:  ([mutex/lock_event])
[0x0000012c46a08cf0] Heap_lock - owner thread: 0x0000012c46a0d800

Heap address: 0x00000000c1a00000, size: 998 MB, Compressed Oops mode: Non-zero based: 0x00000000c1a00000
Narrow klass base: 0x0000000000000000, Narrow klass shift: 0

GC Heap History (0 events):
No events

Deoptimization events (0 events):
No events

Classes redefined (0 events):
No events

Internal exceptions (0 events):
No events

Events (0 events):
No events


Dynamic libraries:
0x00007ff763330000 - 0x00007ff76333f000 	C:\Program Files\Java\jdk-11.0.15\bin\javaw.exe
0x00007ff87d670000 - 0x00007ff87d867000 	C:\Windows\SYSTEM32\ntdll.dll
0x00007ff87c310000 - 0x00007ff87c3cd000 	C:\Windows\System32\KERNEL32.DLL
0x00007ff87b3b0000 - 0x00007ff87b67d000 	C:\Windows\System32\KERNELBASE.dll
0x00007ff87b050000 - 0x00007ff87b150000 	C:\Windows\System32\ucrtbase.dll
0x00007ff874f80000 - 0x00007ff874f98000 	C:\Program Files\Java\jdk-11.0.15\bin\jli.dll
0x00007ff87d2d0000 - 0x00007ff87d37e000 	C:\Windows\System32\ADVAPI32.dll
0x00007ff87c1e0000 - 0x00007ff87c27e000 	C:\Windows\System32\msvcrt.dll
0x00007ff87c730000 - 0x00007ff87c7cc000 	C:\Windows\System32\sechost.dll
0x00007ff87ba30000 - 0x00007ff87bb55000 	C:\Windows\System32\RPCRT4.dll
0x00007ff87c980000 - 0x00007ff87cb20000 	C:\Windows\System32\USER32.dll
0x00007ff87ad90000 - 0x00007ff87adb2000 	C:\Windows\System32\win32u.dll
0x00007ff87bb90000 - 0x00007ff87bbba000 	C:\Windows\System32\GDI32.dll
0x00007ff87b1f0000 - 0x00007ff87b2fb000 	C:\Windows\System32\gdi32full.dll
0x00007ff87b150000 - 0x00007ff87b1ed000 	C:\Windows\System32\msvcp_win.dll
0x00007ff876190000 - 0x00007ff8761a5000 	C:\Program Files\Java\jdk-11.0.15\bin\VCRUNTIME140.dll
0x00007ff869c00000 - 0x00007ff869e9a000 	C:\Windows\WinSxS\amd64_microsoft.windows.common-controls_6595b64144ccf1df_6.0.19041.1110_none_60b5254171f9507e\COMCTL32.dll
0x00007ff873db0000 - 0x00007ff873dba000 	C:\Windows\SYSTEM32\VERSION.dll
0x00007ff87c280000 - 0x00007ff87c2b0000 	C:\Windows\System32\IMM32.DLL
0x00007ff851c40000 - 0x00007ff851cdb000 	C:\Program Files\Java\jdk-11.0.15\bin\msvcp140.dll
0x00007ff809f40000 - 0x00007ff80aa56000 	C:\Program Files\Java\jdk-11.0.15\bin\server\jvm.dll
0x00007ff87b6d0000 - 0x00007ff87b6d8000 	C:\Windows\System32\PSAPI.DLL
0x00007ff86a570000 - 0x00007ff86a579000 	C:\Windows\SYSTEM32\WSOCK32.dll
0x00007ff87d430000 - 0x00007ff87d49b000 	C:\Windows\System32\WS2_32.dll
0x00007ff869a20000 - 0x00007ff869a47000 	C:\Windows\SYSTEM32\WINMM.dll
0x00007ff879630000 - 0x00007ff879642000 	C:\Windows\SYSTEM32\kernel.appcore.dll
0x00007ff877f60000 - 0x00007ff877f70000 	C:\Program Files\Java\jdk-11.0.15\bin\verify.dll
0x00007ff8792f0000 - 0x00007ff8794d4000 	C:\Windows\SYSTEM32\DBGHELP.DLL
0x00007ff869360000 - 0x00007ff86938c000 	C:\Windows\SYSTEM32\dbgcore.DLL
0x00007ff87ae30000 - 0x00007ff87aeb2000 	C:\Windows\System32\bcryptPrimitives.dll
0x00007ff8541e0000 - 0x00007ff854208000 	C:\Program Files\Java\jdk-11.0.15\bin\java.dll
0x00007ff874e70000 - 0x00007ff874e7a000 	C:\Program Files\Java\jdk-11.0.15\bin\jimage.dll
0x00007ff85ad60000 - 0x00007ff85ad76000 	C:\Program Files\Java\jdk-11.0.15\bin\zip.dll

dbghelp: loaded successfully - version: 4.0.5 - missing functions: none
symbol engine: initialized successfully - sym options: 0x614 - pdb path: .;C:\Program Files\Java\jdk-11.0.15\bin;C:\Windows\SYSTEM32;C:\Windows\WinSxS\amd64_microsoft.windows.common-controls_6595b64144ccf1df_6.0.19041.1110_none_60b5254171f9507e;C:\Program Files\Java\jdk-11.0.15\bin\server

VM Arguments:
jvm_args: -Dfile.encoding=UTF-8 
java_command: eshop.homedecor.shopapi.ShopApiApplication
java_class_path (initial): C:\Users\chakr\eclipse-workspace\microservice_mysql\shopapi\target\classes;C:\Users\chakr\.m2\repository\org\springframework\boot\spring-boot-starter-data-jpa\2.2.0.BUILD-SNAPSHOT\spring-boot-starter-data-jpa-2.2.0.BUILD-SNAPSHOT.jar;C:\Users\chakr\.m2\repository\org\springframework\boot\spring-boot-starter-aop\2.2.0.BUILD-SNAPSHOT\spring-boot-starter-aop-2.2.0.BUILD-SNAPSHOT.jar;C:\Users\chakr\.m2\repository\org\aspectj\aspectjweaver\1.9.4\aspectjweaver-1.9.4.jar;C:\Users\chakr\.m2\repository\org\springframework\boot\spring-boot-starter-jdbc\2.2.0.BUILD-SNAPSHOT\spring-boot-starter-jdbc-2.2.0.BUILD-SNAPSHOT.jar;C:\Users\chakr\.m2\repository\com\zaxxer\HikariCP\3.4.1\HikariCP-3.4.1.jar;C:\Users\chakr\.m2\repository\org\springframework\spring-jdbc\5.2.0.RELEASE\spring-jdbc-5.2.0.RELEASE.jar;C:\Users\chakr\.m2\repository\jakarta\activation\jakarta.activation-api\1.2.1\jakarta.activation-api-1.2.1.jar;C:\Users\chakr\.m2\repository\jakarta\persistence\jakarta.persistence-api\2.2.3\jakarta.persistence-api-2.2.3.jar;C:\Users\chakr\.m2\repository\jakarta\transaction\jakarta.transaction-api\1.3.3\jakarta.transaction-api-1.3.3.jar;C:\Users\chakr\.m2\repository\org\hibernate\hibernate-core\5.4.6.Final\hibernate-core-5.4.6.Final.jar;C:\Users\chakr\.m2\repository\org\jboss\logging\jboss-logging\3.4.1.Final\jboss-logging-3.4.1.Final.jar;C:\Users\chakr\.m2\repository\org\javassist\javassist\3.24.0-GA\javassist-3.24.0-GA.jar;C:\Users\chakr\.m2\repository\net\bytebuddy\byte-buddy\1.10.1\byte-buddy-1.10.1.jar;C:\Users\chakr\.m2\repository\antlr\antlr\2.7.7\antlr-2.7.7.jar;C:\Users\chakr\.m2\repository\org\jboss\jandex\2.0.5.Final\jandex-2.0.5.Final.jar;C:\Users\chakr\.m2\repository\com\fasterxml\classmate\1.5.0\classmate-1.5.0.jar;C:\Users\chakr\.m2\repository\org\dom4j\dom4j\2.1.1\dom4j-2.1.1.jar;C:\Users\chakr\.m2\repository\org\hibernate\common\hibernate-commons-annotations\5.1.0.Final\hibernate-commons-annotations-5.1.0.Final.jar;C:\Users\chakr\.m2\r
Launcher Type: SUN_STANDARD

[Global flags]
     intx CICompilerCount                          = 3                                         {product} {ergonomic}
     uint ConcGCThreads                            = 1                                         {product} {ergonomic}
     uint G1ConcRefinementThreads                  = 4                                         {product} {ergonomic}
   size_t G1HeapRegionSize                         = 1048576                                   {product} {ergonomic}
    uintx GCDrainStackTargetSize                   = 64                                        {product} {ergonomic}
   size_t InitialHeapSize                          = 67108864                                  {product} {ergonomic}
   size_t MarkStackSize                            = 4194304                                   {product} {ergonomic}
   size_t MaxHeapSize                              = 1046478848                                {product} {ergonomic}
   size_t MinHeapDeltaBytes                        = 1048576                                   {product} {ergonomic}
    uintx NonNMethodCodeHeapSize                   = 5830732                                {pd product} {ergonomic}
    uintx NonProfiledCodeHeapSize                  = 122913754                              {pd product} {ergonomic}
    uintx ProfiledCodeHeapSize                     = 122913754                              {pd product} {ergonomic}
    uintx ReservedCodeCacheSize                    = 251658240                              {pd product} {ergonomic}
     bool SegmentedCodeCache                       = true                                      {product} {ergonomic}
     bool UseCompressedClassPointers               = true                                 {lp64_product} {ergonomic}
     bool UseCompressedOops                        = true                                 {lp64_product} {ergonomic}
     bool UseG1GC                                  = true                                      {product} {ergonomic}
     bool UseLargePagesIndividualAllocation        = false                                  {pd product} {ergonomic}

Logging:
Log output configuration:
 #0: stdout all=warning uptime,level,tags
 #1: stderr all=off uptime,level,tags

Environment Variables:
PATH=C:/Program Files/Java/jdk-17.0.2/bin/server;C:/Program Files/Java/jdk-17.0.2/bin;C:\Program Files\Java\jdk-17.0.2\bin;C:\Program Files\nodejs\;C:\ProgramData\chocolatey\bin;C:\Program Files\Git\cmd;C:\Program Files\MySQL\MySQL Shell 8.0\bin\;C:\Users\chakr\AppData\Local\Microsoft\WindowsApps;C:\Users\chakr\AppData\Roaming\npm;C:\Users\chakr\AppData\Local\Programs\Microsoft VS Code\bin;C:\Users\chakr\AppData\Local\GitHubDesktop\bin;C:\Users\chakr\OneDrive\Desktop;
USERNAME=chakr
OS=Windows_NT
PROCESSOR_IDENTIFIER=Intel64 Family 6 Model 142 Stepping 9, GenuineIntel



---------------  S Y S T E M  ---------------

OS: Windows 10 , 64 bit Build 19041 (10.0.19041.1741)
Hyper-V role detected

CPU:total 4 (initial active 4) (2 cores per cpu, 2 threads per core) family 6 model 142 stepping 9 microcode 0xf0, cmov, cx8, fxsr, mmx, sse, sse2, sse3, ssse3, sse4.1, sse4.2, popcnt, avx, avx2, aes, clmul, erms, 3dnowpref, lzcnt, ht, tsc, tscinvbit, bmi1, bmi2, adx, fma

Memory: 4k page, system-wide physical 3990M (239M free)
TotalPageFile size 16278M (AvailPageFile size 12M)
current process WorkingSet (physical memory assigned to process): 9M, peak: 9M
current process commit charge ("private bytes"): 51M, peak: 115M

vm_info: Java HotSpot(TM) 64-Bit Server VM (11.0.15+8-LTS-149) for windows-amd64 JRE (11.0.15+8-LTS-149), built on Mar  9 2022 22:42:32 by "mach5one" with MS VC++ 15.9 (VS2017)

END.
